[14:24:37] [main/INFO] (FabricLoader/GameProvider) Loading Minecraft 1.20.2 with Fabric Loader 0.16.4
[14:24:37] [ForkJoinPool-1-worker-1/WARN] (FabricLoader/Metadata) Mod efac uses the version 0.1.1a-1.20.2 which isn't compatible with Loader's extended semantic version format (Could not parse version number component '1a'!), SemVer is recommended for reliably evaluating dependencies and prioritizing newer version
[14:24:37] [main/INFO] (FabricLoader) Loading 58 mods:
	- customportalapi 0.0.1-beta64-1.20.2
	- efac 0.1.1a-1.20.2
	- fabric-api 0.91.6+1.20.2
	- fabric-api-base 0.4.33+fce67b32a0
	- fabric-api-lookup-api-v1 1.6.43+b1792f7da0
	- fabric-biome-api-v1 13.0.14+b1792f7da0
	- fabric-block-api-v1 1.0.12+73761d2ea0
	- fabric-block-view-api-v2 1.0.1+73761d2ea0
	- fabric-blockrenderlayer-v1 1.1.43+f4b7e424a0
	- fabric-client-tags-api-v1 1.1.4+86b12645a0
	- fabric-command-api-v1 1.2.37+f71b366fa0
	- fabric-command-api-v2 2.2.16+b1792f7da0
	- fabric-commands-v0 0.2.54+df3654b3a0
	- fabric-containers-v0 0.1.81+df3654b3a0
	- fabric-content-registries-v0 5.0.6+b1792f7da0
	- fabric-convention-tags-v1 1.5.8+b1792f7da0
	- fabric-crash-report-info-v1 0.2.20+f4b7e424a0
	- fabric-data-generation-api-v1 13.1.11+b1792f7da0
	- fabric-dimensions-v1 2.1.57+b1792f7da0
	- fabric-entity-events-v1 1.5.26+b1792f7da0
	- fabric-events-interaction-v0 0.6.10+b1792f7da0
	- fabric-events-lifecycle-v0 0.2.70+df3654b3a0
	- fabric-game-rule-api-v1 1.0.42+a44e16a6a0
	- fabric-gametest-api-v1 1.2.16+b1792f7da0
	- fabric-item-api-v1 2.1.33+b1792f7da0
	- fabric-item-group-api-v1 4.0.15+e3d2bf3fa0
	- fabric-key-binding-api-v1 1.0.38+f4b7e424a0
	- fabric-keybindings-v0 0.2.36+df3654b3a0
	- fabric-lifecycle-events-v1 2.2.28+c8b10480a0
	- fabric-loot-api-v2 2.1.1+3ba460fba0
	- fabric-message-api-v1 6.0.2+e3d2bf3fa0
	- fabric-mining-level-api-v1 2.1.56+f4b7e424a0
	- fabric-model-loading-api-v1 1.0.6+b1792f7da0
	- fabric-models-v0 0.4.5+9386d8a7a0
	- fabric-networking-api-v1 3.1.5+f4be560ba0
	- fabric-object-builder-api-v1 12.1.2+2ff98d3ba0
	- fabric-particles-v1 1.1.4+f4b7e424a0
	- fabric-recipe-api-v1 2.0.14+52b3ebe5a0
	- fabric-registry-sync-v0 4.0.12+b1792f7da0
	- fabric-renderer-api-v1 3.2.1+2034447ca0
	- fabric-renderer-indigo 1.5.1+2034447ca0
	- fabric-renderer-registries-v1 3.2.49+df3654b3a0
	- fabric-rendering-data-attachment-v1 0.3.39+73761d2ea0
	- fabric-rendering-fluids-v1 3.0.30+f4b7e424a0
	- fabric-rendering-v0 1.1.52+df3654b3a0
	- fabric-rendering-v1 3.0.11+b1792f7da0
	- fabric-resource-conditions-api-v1 2.3.11+239dafd8a0
	- fabric-resource-loader-v0 0.11.12+b1792f7da0
	- fabric-screen-api-v1 2.0.12+b1792f7da0
	- fabric-screen-handler-api-v1 1.3.47+b1792f7da0
	- fabric-sound-api-v1 1.0.14+f4b7e424a0
	- fabric-transfer-api-v1 3.3.13+4944b5a5a0
	- fabric-transitive-access-wideners-v1 5.0.3+fce67b32a0
	- fabricloader 0.16.4
	- java 21
	- minecraft 1.20.2
	- mixinextras 0.4.1
	- terraform-wood-api-v1 7.0.1
[14:24:38] [main/INFO] (FabricLoader/Mixin) SpongePowered MIXIN Subsystem Version=0.8.7 Source=file:/Users/cr/.gradle/caches/modules-2/files-2.1/net.fabricmc/sponge-mixin/0.15.3+mixin.0.8.7/51ee0a44ab05f6fddd66b09e66b3a16904f9c55d/sponge-mixin-0.15.3+mixin.0.8.7.jar Service=Knot/Fabric Env=CLIENT
[14:24:38] [main/INFO] (FabricLoader/Mixin) Loaded Fabric development mappings for mixin remapper!
[14:24:38] [main/INFO] (FabricLoader/Mixin) Compatibility level set to JAVA_16
[14:24:38] [main/INFO] (FabricLoader/Mixin) Compatibility level set to JAVA_17
[14:24:38] [main/INFO] (FabricLoader/MixinExtras|Service) Initializing MixinExtras via com.llamalad7.mixinextras.service.MixinExtrasServiceImpl(version=0.4.1).
[14:24:41] [Datafixer Bootstrap/INFO] (Minecraft) 192 Datafixer optimizations took 101 milliseconds
[14:24:42] [Render thread/INFO] (Minecraft) Environment: Environment[accountsHost=https://api.mojang.com, sessionHost=https://sessionserver.mojang.com, servicesHost=https://api.minecraftservices.com, name=PROD]
[14:24:42] [Render thread/ERROR] (Minecraft) Failed to verify authentication
com.mojang.authlib.exceptions.InvalidCredentialsException: Status: 401
	at com.mojang.authlib.exceptions.MinecraftClientHttpException.toAuthenticationException(MinecraftClientHttpException.java:59) ~[authlib-5.0.47.jar:?]
	at com.mojang.authlib.yggdrasil.YggdrasilUserApiService.fetchProperties(YggdrasilUserApiService.java:159) ~[authlib-5.0.47.jar:?]
	at com.mojang.authlib.yggdrasil.YggdrasilUserApiService.<init>(YggdrasilUserApiService.java:53) ~[authlib-5.0.47.jar:?]
	at com.mojang.authlib.yggdrasil.YggdrasilAuthenticationService.createUserApiService(YggdrasilAuthenticationService.java:55) ~[authlib-5.0.47.jar:?]
	at net.minecraft.client.MinecraftClient.createUserApiService(MinecraftClient.java:787) ~[minecraft-merged-4eb9d75495-1.20.2-net.fabricmc.yarn.1_20_2.1.20.2+build.4-v2.jar:?]
	at net.minecraft.client.MinecraftClient.<init>(MinecraftClient.java:451) ~[minecraft-merged-4eb9d75495-1.20.2-net.fabricmc.yarn.1_20_2.1.20.2+build.4-v2.jar:?]
	at net.minecraft.client.main.Main.main(Main.java:214) ~[minecraft-merged-4eb9d75495-1.20.2-net.fabricmc.yarn.1_20_2.1.20.2+build.4-v2.jar:?]
	at net.fabricmc.loader.impl.game.minecraft.MinecraftGameProvider.launch(MinecraftGameProvider.java:480) ~[fabric-loader-0.16.4.jar:?]
	at net.fabricmc.loader.impl.launch.knot.Knot.launch(Knot.java:74) ~[fabric-loader-0.16.4.jar:?]
	at net.fabricmc.loader.impl.launch.knot.KnotClient.main(KnotClient.java:23) ~[fabric-loader-0.16.4.jar:?]
	at net.fabricmc.devlaunchinjector.Main.main(Main.java:86) ~[dev-launch-injector-0.2.1+build.8.jar:?]
Caused by: com.mojang.authlib.exceptions.MinecraftClientHttpException: Status: 401
	at com.mojang.authlib.minecraft.client.MinecraftClient.readInputStream(MinecraftClient.java:100) ~[authlib-5.0.47.jar:?]
	at com.mojang.authlib.minecraft.client.MinecraftClient.get(MinecraftClient.java:57) ~[authlib-5.0.47.jar:?]
	at com.mojang.authlib.yggdrasil.YggdrasilUserApiService.fetchProperties(YggdrasilUserApiService.java:130) ~[authlib-5.0.47.jar:?]
	... 9 more
[14:24:42] [Render thread/INFO] (Minecraft) Setting user: Player342
[14:24:42] [Render thread/INFO] (fabric-networking-api-v1) Force Packet Serialization is enabled to mimic remote connection on single player, this is the default behaviour on dev env. Add -Dfabric-api.networking.force-packet-serialization=false JVM arg to disable it.
[14:24:42] [Render thread/INFO] (efac) Hello Guggy world!
[14:24:42] [Render thread/INFO] (efac) Registering Item Groups for efac
[14:24:43] [Render thread/INFO] (efac) Registering Mod Items for efac
[14:24:43] [Render thread/INFO] (efac) Registering ModBlocks for efac
[14:24:43] [Render thread/INFO] (efac) Registering Sounds for efac
[14:24:43] [Render thread/INFO] (Indigo) [Indigo] Registering Indigo renderer!
[14:24:43] [Render thread/INFO] (Minecraft) Backend library: LWJGL version 3.3.2-snapshot
[14:24:43] [Render thread/INFO] (Minecraft) [STDERR]: [LWJGL] [ThreadLocalUtil] Unsupported JNI version detected, this may result in a crash. Please inform LWJGL developers.
[14:24:43] [Render thread/INFO] (Minecraft) Found non-pack entry '/Users/cr/Documents/Obsidian/EFAC/fabric-efac-1.20.2/run/resourcepacks/.DS_Store', ignoring
[14:24:44] [Render thread/INFO] (Minecraft) Reloading ResourceManager: vanilla, fabric (fabric-command-api-v1, fabric-crash-report-info-v1, fabric-events-interaction-v0, fabric-mining-level-api-v1, fabric-models-v0, fabric-blockrenderlayer-v1, fabric-registry-sync-v0, fabric-networking-api-v1, fabric-dimensions-v1, fabric-transfer-api-v1, fabric-lifecycle-events-v1, fabric-loot-api-v2, fabric-recipe-api-v1, fabric-game-rule-api-v1, fabric-commands-v0, fabric-events-lifecycle-v0, fabricloader, fabric-block-api-v1, fabric-biome-api-v1, fabric-api, fabric-resource-loader-v0, efac, terraform-wood-api-v1, fabric-command-api-v2, fabric-key-binding-api-v1, fabric-api-lookup-api-v1, fabric-transitive-access-wideners-v1, customportalapi, fabric-item-group-api-v1, fabric-convention-tags-v1, fabric-object-builder-api-v1, fabric-api-base, fabric-renderer-api-v1, fabric-entity-events-v1, fabric-data-generation-api-v1, fabric-rendering-v1, fabric-client-tags-api-v1, fabric-rendering-v0, fabric-resource-conditions-api-v1, fabric-block-view-api-v2, fabric-particles-v1, fabric-renderer-indigo, fabric-screen-api-v1, fabric-rendering-fluids-v1, fabric-containers-v0, fabric-keybindings-v0, fabric-renderer-registries-v1, fabric-sound-api-v1, fabric-model-loading-api-v1, fabric-gametest-api-v1, fabric-content-registries-v0, fabric-item-api-v1, fabric-message-api-v1, fabric-rendering-data-attachment-v1, fabric-screen-handler-api-v1)
[14:24:44] [Render thread/ERROR] (Minecraft) Registry 'terraform:boat' was empty after loading
[14:24:44] [Worker-Main-2/INFO] (Minecraft) Found unifont_all_no_pua-15.0.06.hex, loading
[14:24:44] [Worker-Main-8/WARN] (Minecraft) Exception loading blockstate definition: 'efac:blockstates/prima_hanging_sign.json' missing model for variant: 'efac:prima_hanging_sign#attached=true,rotation=12,waterlogged=true'
[14:24:44] [Worker-Main-8/WARN] (Minecraft) Exception loading blockstate definition: 'efac:blockstates/prima_hanging_sign.json' missing model for variant: 'efac:prima_hanging_sign#attached=true,rotation=14,waterlogged=false'
[14:24:44] [Worker-Main-8/WARN] (Minecraft) Exception loading blockstate definition: 'efac:blockstates/prima_hanging_sign.json' missing model for variant: 'efac:prima_hanging_sign#attached=false,rotation=9,waterlogged=true'
[14:24:44] [Worker-Main-8/WARN] (Minecraft) Exception loading blockstate definition: 'efac:blockstates/prima_hanging_sign.json' missing model for variant: 'efac:prima_hanging_sign#attached=false,rotation=7,waterlogged=false'
[14:24:44] [Worker-Main-8/WARN] (Minecraft) Exception loading blockstate definition: 'efac:blockstates/prima_hanging_sign.json' missing model for variant: 'efac:prima_hanging_sign#attached=false,rotation=0,waterlogged=true'
[14:24:44] [Worker-Main-8/WARN] (Minecraft) Exception loading blockstate definition: 'efac:blockstates/prima_hanging_sign.json' missing model for variant: 'efac:prima_hanging_sign#attached=false,rotation=2,waterlogged=false'
[14:24:44] [Worker-Main-8/WARN] (Minecraft) Exception loading blockstate definition: 'efac:blockstates/prima_hanging_sign.json' missing model for variant: 'efac:prima_hanging_sign#attached=true,rotation=3,waterlogged=true'
[14:24:44] [Worker-Main-8/WARN] (Minecraft) Exception loading blockstate definition: 'efac:blockstates/prima_hanging_sign.json' missing model for variant: 'efac:prima_hanging_sign#attached=true,rotation=4,waterlogged=true'
[14:24:44] [Worker-Main-8/WARN] (Minecraft) Exception loading blockstate definition: 'efac:blockstates/prima_hanging_sign.json' missing model for variant: 'efac:prima_hanging_sign#attached=true,rotation=4,waterlogged=false'
[14:24:44] [Worker-Main-8/WARN] (Minecraft) Exception loading blockstate definition: 'efac:blockstates/prima_hanging_sign.json' missing model for variant: 'efac:prima_hanging_sign#attached=true,rotation=0,waterlogged=false'
[14:24:44] [Worker-Main-8/WARN] (Minecraft) Exception loading blockstate definition: 'efac:blockstates/prima_hanging_sign.json' missing model for variant: 'efac:prima_hanging_sign#attached=false,rotation=10,waterlogged=false'
[14:24:44] [Worker-Main-8/WARN] (Minecraft) Exception loading blockstate definition: 'efac:blockstates/prima_hanging_sign.json' missing model for variant: 'efac:prima_hanging_sign#attached=false,rotation=1,waterlogged=true'
[14:24:44] [Worker-Main-8/WARN] (Minecraft) Exception loading blockstate definition: 'efac:blockstates/prima_hanging_sign.json' missing model for variant: 'efac:prima_hanging_sign#attached=true,rotation=13,waterlogged=true'
[14:24:44] [Worker-Main-8/WARN] (Minecraft) Exception loading blockstate definition: 'efac:blockstates/prima_hanging_sign.json' missing model for variant: 'efac:prima_hanging_sign#attached=true,rotation=13,waterlogged=false'
[14:24:44] [Worker-Main-8/WARN] (Minecraft) Exception loading blockstate definition: 'efac:blockstates/prima_hanging_sign.json' missing model for variant: 'efac:prima_hanging_sign#attached=false,rotation=3,waterlogged=false'
[14:24:44] [Worker-Main-8/WARN] (Minecraft) Exception loading blockstate definition: 'efac:blockstates/prima_hanging_sign.json' missing model for variant: 'efac:prima_hanging_sign#attached=true,rotation=9,waterlogged=false'
[14:24:44] [Worker-Main-8/WARN] (Minecraft) Exception loading blockstate definition: 'efac:blockstates/prima_hanging_sign.json' missing model for variant: 'efac:prima_hanging_sign#attached=false,rotation=9,waterlogged=false'
[14:24:44] [Worker-Main-8/WARN] (Minecraft) Exception loading blockstate definition: 'efac:blockstates/prima_hanging_sign.json' missing model for variant: 'efac:prima_hanging_sign#attached=true,rotation=0,waterlogged=true'
[14:24:44] [Worker-Main-8/WARN] (Minecraft) Exception loading blockstate definition: 'efac:blockstates/prima_hanging_sign.json' missing model for variant: 'efac:prima_hanging_sign#attached=false,rotation=6,waterlogged=true'
[14:24:44] [Worker-Main-8/WARN] (Minecraft) Exception loading blockstate definition: 'efac:blockstates/prima_hanging_sign.json' missing model for variant: 'efac:prima_hanging_sign#attached=true,rotation=1,waterlogged=false'
[14:24:44] [Worker-Main-8/WARN] (Minecraft) Exception loading blockstate definition: 'efac:blockstates/prima_hanging_sign.json' missing model for variant: 'efac:prima_hanging_sign#attached=true,rotation=10,waterlogged=true'
[14:24:44] [Worker-Main-8/WARN] (Minecraft) Exception loading blockstate definition: 'efac:blockstates/prima_hanging_sign.json' missing model for variant: 'efac:prima_hanging_sign#attached=false,rotation=12,waterlogged=false'
[14:24:44] [Worker-Main-8/WARN] (Minecraft) Exception loading blockstate definition: 'efac:blockstates/prima_hanging_sign.json' missing model for variant: 'efac:prima_hanging_sign#attached=true,rotation=5,waterlogged=true'
[14:24:44] [Worker-Main-8/WARN] (Minecraft) Exception loading blockstate definition: 'efac:blockstates/prima_hanging_sign.json' missing model for variant: 'efac:prima_hanging_sign#attached=false,rotation=3,waterlogged=true'
[14:24:44] [Worker-Main-8/WARN] (Minecraft) Exception loading blockstate definition: 'efac:blockstates/prima_hanging_sign.json' missing model for variant: 'efac:prima_hanging_sign#attached=false,rotation=8,waterlogged=true'
[14:24:44] [Worker-Main-8/WARN] (Minecraft) Exception loading blockstate definition: 'efac:blockstates/prima_hanging_sign.json' missing model for variant: 'efac:prima_hanging_sign#attached=false,rotation=8,waterlogged=false'
[14:24:44] [Worker-Main-8/WARN] (Minecraft) Exception loading blockstate definition: 'efac:blockstates/prima_hanging_sign.json' missing model for variant: 'efac:prima_hanging_sign#attached=true,rotation=15,waterlogged=false'
[14:24:44] [Worker-Main-8/WARN] (Minecraft) Exception loading blockstate definition: 'efac:blockstates/prima_hanging_sign.json' missing model for variant: 'efac:prima_hanging_sign#attached=false,rotation=15,waterlogged=true'
[14:24:44] [Worker-Main-8/WARN] (Minecraft) Exception loading blockstate definition: 'efac:blockstates/prima_hanging_sign.json' missing model for variant: 'efac:prima_hanging_sign#attached=false,rotation=1,waterlogged=false'
[14:24:44] [Worker-Main-8/WARN] (Minecraft) Exception loading blockstate definition: 'efac:blockstates/prima_hanging_sign.json' missing model for variant: 'efac:prima_hanging_sign#attached=true,rotation=8,waterlogged=false'
[14:24:44] [Worker-Main-8/WARN] (Minecraft) Exception loading blockstate definition: 'efac:blockstates/prima_hanging_sign.json' missing model for variant: 'efac:prima_hanging_sign#attached=false,rotation=10,waterlogged=true'
[14:24:44] [Worker-Main-8/WARN] (Minecraft) Exception loading blockstate definition: 'efac:blockstates/prima_hanging_sign.json' missing model for variant: 'efac:prima_hanging_sign#attached=true,rotation=2,waterlogged=true'
[14:24:44] [Worker-Main-8/WARN] (Minecraft) Exception loading blockstate definition: 'efac:blockstates/prima_hanging_sign.json' missing model for variant: 'efac:prima_hanging_sign#attached=false,rotation=11,waterlogged=false'
[14:24:44] [Worker-Main-8/WARN] (Minecraft) Exception loading blockstate definition: 'efac:blockstates/prima_hanging_sign.json' missing model for variant: 'efac:prima_hanging_sign#attached=true,rotation=15,waterlogged=true'
[14:24:44] [Worker-Main-8/WARN] (Minecraft) Exception loading blockstate definition: 'efac:blockstates/prima_hanging_sign.json' missing model for variant: 'efac:prima_hanging_sign#attached=false,rotation=4,waterlogged=true'
[14:24:44] [Worker-Main-8/WARN] (Minecraft) Exception loading blockstate definition: 'efac:blockstates/prima_hanging_sign.json' missing model for variant: 'efac:prima_hanging_sign#attached=true,rotation=2,waterlogged=false'
[14:24:44] [Worker-Main-8/WARN] (Minecraft) Exception loading blockstate definition: 'efac:blockstates/prima_hanging_sign.json' missing model for variant: 'efac:prima_hanging_sign#attached=false,rotation=12,waterlogged=true'
[14:24:44] [Worker-Main-8/WARN] (Minecraft) Exception loading blockstate definition: 'efac:blockstates/prima_hanging_sign.json' missing model for variant: 'efac:prima_hanging_sign#attached=true,rotation=11,waterlogged=false'
[14:24:44] [Worker-Main-8/WARN] (Minecraft) Exception loading blockstate definition: 'efac:blockstates/prima_hanging_sign.json' missing model for variant: 'efac:prima_hanging_sign#attached=true,rotation=7,waterlogged=true'
[14:24:44] [Worker-Main-8/WARN] (Minecraft) Exception loading blockstate definition: 'efac:blockstates/prima_hanging_sign.json' missing model for variant: 'efac:prima_hanging_sign#attached=false,rotation=5,waterlogged=false'
[14:24:44] [Worker-Main-8/WARN] (Minecraft) Exception loading blockstate definition: 'efac:blockstates/prima_hanging_sign.json' missing model for variant: 'efac:prima_hanging_sign#attached=false,rotation=11,waterlogged=true'
[14:24:44] [Worker-Main-8/WARN] (Minecraft) Exception loading blockstate definition: 'efac:blockstates/prima_hanging_sign.json' missing model for variant: 'efac:prima_hanging_sign#attached=true,rotation=7,waterlogged=false'
[14:24:44] [Worker-Main-8/WARN] (Minecraft) Exception loading blockstate definition: 'efac:blockstates/prima_hanging_sign.json' missing model for variant: 'efac:prima_hanging_sign#attached=true,rotation=9,waterlogged=true'
[14:24:44] [Worker-Main-8/WARN] (Minecraft) Exception loading blockstate definition: 'efac:blockstates/prima_hanging_sign.json' missing model for variant: 'efac:prima_hanging_sign#attached=false,rotation=13,waterlogged=true'
[14:24:44] [Worker-Main-8/WARN] (Minecraft) Exception loading blockstate definition: 'efac:blockstates/prima_hanging_sign.json' missing model for variant: 'efac:prima_hanging_sign#attached=false,rotation=5,waterlogged=true'
[14:24:44] [Worker-Main-8/WARN] (Minecraft) Exception loading blockstate definition: 'efac:blockstates/prima_hanging_sign.json' missing model for variant: 'efac:prima_hanging_sign#attached=true,rotation=3,waterlogged=false'
[14:24:44] [Worker-Main-8/WARN] (Minecraft) Exception loading blockstate definition: 'efac:blockstates/prima_hanging_sign.json' missing model for variant: 'efac:prima_hanging_sign#attached=false,rotation=13,waterlogged=false'
[14:24:44] [Worker-Main-8/WARN] (Minecraft) Exception loading blockstate definition: 'efac:blockstates/prima_hanging_sign.json' missing model for variant: 'efac:prima_hanging_sign#attached=false,rotation=0,waterlogged=false'
[14:24:44] [Worker-Main-8/WARN] (Minecraft) Exception loading blockstate definition: 'efac:blockstates/prima_hanging_sign.json' missing model for variant: 'efac:prima_hanging_sign#attached=true,rotation=8,waterlogged=true'
[14:24:44] [Worker-Main-8/WARN] (Minecraft) Exception loading blockstate definition: 'efac:blockstates/prima_hanging_sign.json' missing model for variant: 'efac:prima_hanging_sign#attached=false,rotation=6,waterlogged=false'
[14:24:44] [Worker-Main-8/WARN] (Minecraft) Exception loading blockstate definition: 'efac:blockstates/prima_hanging_sign.json' missing model for variant: 'efac:prima_hanging_sign#attached=true,rotation=10,waterlogged=false'
[14:24:44] [Worker-Main-8/WARN] (Minecraft) Exception loading blockstate definition: 'efac:blockstates/prima_hanging_sign.json' missing model for variant: 'efac:prima_hanging_sign#attached=false,rotation=14,waterlogged=true'
[14:24:44] [Worker-Main-8/WARN] (Minecraft) Exception loading blockstate definition: 'efac:blockstates/prima_hanging_sign.json' missing model for variant: 'efac:prima_hanging_sign#attached=false,rotation=7,waterlogged=true'
[14:24:44] [Worker-Main-8/WARN] (Minecraft) Exception loading blockstate definition: 'efac:blockstates/prima_hanging_sign.json' missing model for variant: 'efac:prima_hanging_sign#attached=true,rotation=6,waterlogged=false'
[14:24:44] [Worker-Main-8/WARN] (Minecraft) Exception loading blockstate definition: 'efac:blockstates/prima_hanging_sign.json' missing model for variant: 'efac:prima_hanging_sign#attached=false,rotation=2,waterlogged=true'
[14:24:44] [Worker-Main-8/WARN] (Minecraft) Exception loading blockstate definition: 'efac:blockstates/prima_hanging_sign.json' missing model for variant: 'efac:prima_hanging_sign#attached=true,rotation=1,waterlogged=true'
[14:24:44] [Worker-Main-8/WARN] (Minecraft) Exception loading blockstate definition: 'efac:blockstates/prima_hanging_sign.json' missing model for variant: 'efac:prima_hanging_sign#attached=true,rotation=14,waterlogged=true'
[14:24:44] [Worker-Main-8/WARN] (Minecraft) Exception loading blockstate definition: 'efac:blockstates/prima_hanging_sign.json' missing model for variant: 'efac:prima_hanging_sign#attached=false,rotation=15,waterlogged=false'
[14:24:44] [Worker-Main-8/WARN] (Minecraft) Exception loading blockstate definition: 'efac:blockstates/prima_hanging_sign.json' missing model for variant: 'efac:prima_hanging_sign#attached=true,rotation=12,waterlogged=false'
[14:24:44] [Worker-Main-8/WARN] (Minecraft) Exception loading blockstate definition: 'efac:blockstates/prima_hanging_sign.json' missing model for variant: 'efac:prima_hanging_sign#attached=false,rotation=4,waterlogged=false'
[14:24:44] [Worker-Main-8/WARN] (Minecraft) Exception loading blockstate definition: 'efac:blockstates/prima_hanging_sign.json' missing model for variant: 'efac:prima_hanging_sign#attached=true,rotation=11,waterlogged=true'
[14:24:44] [Worker-Main-8/WARN] (Minecraft) Exception loading blockstate definition: 'efac:blockstates/prima_hanging_sign.json' missing model for variant: 'efac:prima_hanging_sign#attached=false,rotation=14,waterlogged=false'
[14:24:44] [Worker-Main-8/WARN] (Minecraft) Exception loading blockstate definition: 'efac:blockstates/prima_hanging_sign.json' missing model for variant: 'efac:prima_hanging_sign#attached=true,rotation=5,waterlogged=false'
[14:24:44] [Worker-Main-8/WARN] (Minecraft) Exception loading blockstate definition: 'efac:blockstates/prima_hanging_sign.json' missing model for variant: 'efac:prima_hanging_sign#attached=true,rotation=6,waterlogged=true'
[14:24:44] [Worker-Main-8/WARN] (Minecraft) Exception loading blockstate definition: 'efac:blockstates/prima_wall_hanging_sign.json' missing model for variant: 'efac:prima_wall_hanging_sign#attached=true,rotation=3,waterlogged=false'
[14:24:44] [Worker-Main-8/WARN] (Minecraft) Exception loading blockstate definition: 'efac:blockstates/prima_wall_hanging_sign.json' missing model for variant: 'efac:prima_wall_hanging_sign#attached=true,rotation=9,waterlogged=true'
[14:24:44] [Worker-Main-8/WARN] (Minecraft) Exception loading blockstate definition: 'efac:blockstates/prima_wall_hanging_sign.json' missing model for variant: 'efac:prima_wall_hanging_sign#attached=false,rotation=0,waterlogged=false'
[14:24:44] [Worker-Main-8/WARN] (Minecraft) Exception loading blockstate definition: 'efac:blockstates/prima_wall_hanging_sign.json' missing model for variant: 'efac:prima_wall_hanging_sign#attached=true,rotation=0,waterlogged=true'
[14:24:44] [Worker-Main-8/WARN] (Minecraft) Exception loading blockstate definition: 'efac:blockstates/prima_wall_hanging_sign.json' missing model for variant: 'efac:prima_wall_hanging_sign#attached=true,rotation=12,waterlogged=false'
[14:24:44] [Worker-Main-8/WARN] (Minecraft) Exception loading blockstate definition: 'efac:blockstates/prima_wall_hanging_sign.json' missing model for variant: 'efac:prima_wall_hanging_sign#attached=false,rotation=5,waterlogged=false'
[14:24:44] [Worker-Main-8/WARN] (Minecraft) Exception loading blockstate definition: 'efac:blockstates/prima_wall_hanging_sign.json' missing model for variant: 'efac:prima_wall_hanging_sign#attached=false,rotation=13,waterlogged=true'
[14:24:44] [Worker-Main-8/WARN] (Minecraft) Exception loading blockstate definition: 'efac:blockstates/prima_wall_hanging_sign.json' missing model for variant: 'efac:prima_wall_hanging_sign#attached=false,rotation=6,waterlogged=true'
[14:24:44] [Worker-Main-8/WARN] (Minecraft) Exception loading blockstate definition: 'efac:blockstates/prima_wall_hanging_sign.json' missing model for variant: 'efac:prima_wall_hanging_sign#attached=false,rotation=12,waterlogged=true'
[14:24:44] [Worker-Main-8/WARN] (Minecraft) Exception loading blockstate definition: 'efac:blockstates/prima_wall_hanging_sign.json' missing model for variant: 'efac:prima_wall_hanging_sign#attached=true,rotation=8,waterlogged=true'
[14:24:44] [Worker-Main-8/WARN] (Minecraft) Exception loading blockstate definition: 'efac:blockstates/prima_wall_hanging_sign.json' missing model for variant: 'efac:prima_wall_hanging_sign#attached=false,rotation=6,waterlogged=false'
[14:24:44] [Worker-Main-8/WARN] (Minecraft) Exception loading blockstate definition: 'efac:blockstates/prima_wall_hanging_sign.json' missing model for variant: 'efac:prima_wall_hanging_sign#attached=false,rotation=15,waterlogged=false'
[14:24:44] [Worker-Main-8/WARN] (Minecraft) Exception loading blockstate definition: 'efac:blockstates/prima_wall_hanging_sign.json' missing model for variant: 'efac:prima_wall_hanging_sign#attached=true,rotation=9,waterlogged=false'
[14:24:44] [Worker-Main-8/WARN] (Minecraft) Exception loading blockstate definition: 'efac:blockstates/prima_wall_hanging_sign.json' missing model for variant: 'efac:prima_wall_hanging_sign#attached=true,rotation=13,waterlogged=false'
[14:24:44] [Worker-Main-8/WARN] (Minecraft) Exception loading blockstate definition: 'efac:blockstates/prima_wall_hanging_sign.json' missing model for variant: 'efac:prima_wall_hanging_sign#attached=false,rotation=5,waterlogged=true'
[14:24:44] [Worker-Main-8/WARN] (Minecraft) Exception loading blockstate definition: 'efac:blockstates/prima_wall_hanging_sign.json' missing model for variant: 'efac:prima_wall_hanging_sign#attached=false,rotation=3,waterlogged=true'
[14:24:44] [Worker-Main-8/WARN] (Minecraft) Exception loading blockstate definition: 'efac:blockstates/prima_wall_hanging_sign.json' missing model for variant: 'efac:prima_wall_hanging_sign#attached=false,rotation=7,waterlogged=false'
[14:24:44] [Worker-Main-8/WARN] (Minecraft) Exception loading blockstate definition: 'efac:blockstates/prima_wall_hanging_sign.json' missing model for variant: 'efac:prima_wall_hanging_sign#attached=false,rotation=8,waterlogged=true'
[14:24:44] [Worker-Main-8/WARN] (Minecraft) Exception loading blockstate definition: 'efac:blockstates/prima_wall_hanging_sign.json' missing model for variant: 'efac:prima_wall_hanging_sign#attached=true,rotation=7,waterlogged=true'
[14:24:44] [Worker-Main-8/WARN] (Minecraft) Exception loading blockstate definition: 'efac:blockstates/prima_wall_hanging_sign.json' missing model for variant: 'efac:prima_wall_hanging_sign#attached=true,rotation=2,waterlogged=true'
[14:24:44] [Worker-Main-8/WARN] (Minecraft) Exception loading blockstate definition: 'efac:blockstates/prima_wall_hanging_sign.json' missing model for variant: 'efac:prima_wall_hanging_sign#attached=true,rotation=1,waterlogged=false'
[14:24:44] [Worker-Main-8/WARN] (Minecraft) Exception loading blockstate definition: 'efac:blockstates/prima_wall_hanging_sign.json' missing model for variant: 'efac:prima_wall_hanging_sign#attached=false,rotation=10,waterlogged=false'
[14:24:44] [Worker-Main-8/WARN] (Minecraft) Exception loading blockstate definition: 'efac:blockstates/prima_wall_hanging_sign.json' missing model for variant: 'efac:prima_wall_hanging_sign#attached=true,rotation=7,waterlogged=false'
[14:24:44] [Worker-Main-8/WARN] (Minecraft) Exception loading blockstate definition: 'efac:blockstates/prima_wall_hanging_sign.json' missing model for variant: 'efac:prima_wall_hanging_sign#attached=false,rotation=15,waterlogged=true'
[14:24:44] [Worker-Main-8/WARN] (Minecraft) Exception loading blockstate definition: 'efac:blockstates/prima_wall_hanging_sign.json' missing model for variant: 'efac:prima_wall_hanging_sign#attached=true,rotation=10,waterlogged=true'
[14:24:44] [Worker-Main-8/WARN] (Minecraft) Exception loading blockstate definition: 'efac:blockstates/prima_wall_hanging_sign.json' missing model for variant: 'efac:prima_wall_hanging_sign#attached=true,rotation=8,waterlogged=false'
[14:24:44] [Worker-Main-8/WARN] (Minecraft) Exception loading blockstate definition: 'efac:blockstates/prima_wall_hanging_sign.json' missing model for variant: 'efac:prima_wall_hanging_sign#attached=false,rotation=11,waterlogged=false'
[14:24:44] [Worker-Main-8/WARN] (Minecraft) Exception loading blockstate definition: 'efac:blockstates/prima_wall_hanging_sign.json' missing model for variant: 'efac:prima_wall_hanging_sign#attached=true,rotation=2,waterlogged=false'
[14:24:44] [Worker-Main-8/WARN] (Minecraft) Exception loading blockstate definition: 'efac:blockstates/prima_wall_hanging_sign.json' missing model for variant: 'efac:prima_wall_hanging_sign#attached=true,rotation=15,waterlogged=true'
[14:24:44] [Worker-Main-8/WARN] (Minecraft) Exception loading blockstate definition: 'efac:blockstates/prima_wall_hanging_sign.json' missing model for variant: 'efac:prima_wall_hanging_sign#attached=true,rotation=5,waterlogged=true'
[14:24:44] [Worker-Main-8/WARN] (Minecraft) Exception loading blockstate definition: 'efac:blockstates/prima_wall_hanging_sign.json' missing model for variant: 'efac:prima_wall_hanging_sign#attached=false,rotation=1,waterlogged=false'
[14:24:44] [Worker-Main-8/WARN] (Minecraft) Exception loading blockstate definition: 'efac:blockstates/prima_wall_hanging_sign.json' missing model for variant: 'efac:prima_wall_hanging_sign#attached=true,rotation=14,waterlogged=false'
[14:24:44] [Worker-Main-8/WARN] (Minecraft) Exception loading blockstate definition: 'efac:blockstates/prima_wall_hanging_sign.json' missing model for variant: 'efac:prima_wall_hanging_sign#attached=false,rotation=10,waterlogged=true'
[14:24:44] [Worker-Main-8/WARN] (Minecraft) Exception loading blockstate definition: 'efac:blockstates/prima_wall_hanging_sign.json' missing model for variant: 'efac:prima_wall_hanging_sign#attached=true,rotation=15,waterlogged=false'
[14:24:44] [Worker-Main-8/WARN] (Minecraft) Exception loading blockstate definition: 'efac:blockstates/prima_wall_hanging_sign.json' missing model for variant: 'efac:prima_wall_hanging_sign#attached=true,rotation=14,waterlogged=true'
[14:24:44] [Worker-Main-8/WARN] (Minecraft) Exception loading blockstate definition: 'efac:blockstates/prima_wall_hanging_sign.json' missing model for variant: 'efac:prima_wall_hanging_sign#attached=true,rotation=4,waterlogged=true'
[14:24:44] [Worker-Main-8/WARN] (Minecraft) Exception loading blockstate definition: 'efac:blockstates/prima_wall_hanging_sign.json' missing model for variant: 'efac:prima_wall_hanging_sign#attached=false,rotation=3,waterlogged=false'
[14:24:44] [Worker-Main-8/WARN] (Minecraft) Exception loading blockstate definition: 'efac:blockstates/prima_wall_hanging_sign.json' missing model for variant: 'efac:prima_wall_hanging_sign#attached=false,rotation=12,waterlogged=false'
[14:24:44] [Worker-Main-8/WARN] (Minecraft) Exception loading blockstate definition: 'efac:blockstates/prima_wall_hanging_sign.json' missing model for variant: 'efac:prima_wall_hanging_sign#attached=false,rotation=0,waterlogged=true'
[14:24:44] [Worker-Main-8/WARN] (Minecraft) Exception loading blockstate definition: 'efac:blockstates/prima_wall_hanging_sign.json' missing model for variant: 'efac:prima_wall_hanging_sign#attached=false,rotation=8,waterlogged=false'
[14:24:44] [Worker-Main-8/WARN] (Minecraft) Exception loading blockstate definition: 'efac:blockstates/prima_wall_hanging_sign.json' missing model for variant: 'efac:prima_wall_hanging_sign#attached=false,rotation=2,waterlogged=false'
[14:24:44] [Worker-Main-8/WARN] (Minecraft) Exception loading blockstate definition: 'efac:blockstates/prima_wall_hanging_sign.json' missing model for variant: 'efac:prima_wall_hanging_sign#attached=true,rotation=10,waterlogged=false'
[14:24:44] [Worker-Main-8/WARN] (Minecraft) Exception loading blockstate definition: 'efac:blockstates/prima_wall_hanging_sign.json' missing model for variant: 'efac:prima_wall_hanging_sign#attached=false,rotation=9,waterlogged=true'
[14:24:44] [Worker-Main-8/WARN] (Minecraft) Exception loading blockstate definition: 'efac:blockstates/prima_wall_hanging_sign.json' missing model for variant: 'efac:prima_wall_hanging_sign#attached=false,rotation=9,waterlogged=false'
[14:24:44] [Worker-Main-8/WARN] (Minecraft) Exception loading blockstate definition: 'efac:blockstates/prima_wall_hanging_sign.json' missing model for variant: 'efac:prima_wall_hanging_sign#attached=true,rotation=3,waterlogged=true'
[14:24:44] [Worker-Main-8/WARN] (Minecraft) Exception loading blockstate definition: 'efac:blockstates/prima_wall_hanging_sign.json' missing model for variant: 'efac:prima_wall_hanging_sign#attached=true,rotation=12,waterlogged=true'
[14:24:44] [Worker-Main-8/WARN] (Minecraft) Exception loading blockstate definition: 'efac:blockstates/prima_wall_hanging_sign.json' missing model for variant: 'efac:prima_wall_hanging_sign#attached=true,rotation=13,waterlogged=true'
[14:24:44] [Worker-Main-8/WARN] (Minecraft) Exception loading blockstate definition: 'efac:blockstates/prima_wall_hanging_sign.json' missing model for variant: 'efac:prima_wall_hanging_sign#attached=true,rotation=6,waterlogged=false'
[14:24:44] [Worker-Main-8/WARN] (Minecraft) Exception loading blockstate definition: 'efac:blockstates/prima_wall_hanging_sign.json' missing model for variant: 'efac:prima_wall_hanging_sign#attached=false,rotation=1,waterlogged=true'
[14:24:44] [Worker-Main-8/WARN] (Minecraft) Exception loading blockstate definition: 'efac:blockstates/prima_wall_hanging_sign.json' missing model for variant: 'efac:prima_wall_hanging_sign#attached=true,rotation=0,waterlogged=false'
[14:24:44] [Worker-Main-8/WARN] (Minecraft) Exception loading blockstate definition: 'efac:blockstates/prima_wall_hanging_sign.json' missing model for variant: 'efac:prima_wall_hanging_sign#attached=false,rotation=13,waterlogged=false'
[14:24:44] [Worker-Main-8/WARN] (Minecraft) Exception loading blockstate definition: 'efac:blockstates/prima_wall_hanging_sign.json' missing model for variant: 'efac:prima_wall_hanging_sign#attached=false,rotation=4,waterlogged=false'
[14:24:44] [Worker-Main-8/WARN] (Minecraft) Exception loading blockstate definition: 'efac:blockstates/prima_wall_hanging_sign.json' missing model for variant: 'efac:prima_wall_hanging_sign#attached=false,rotation=11,waterlogged=true'
[14:24:44] [Worker-Main-8/WARN] (Minecraft) Exception loading blockstate definition: 'efac:blockstates/prima_wall_hanging_sign.json' missing model for variant: 'efac:prima_wall_hanging_sign#attached=true,rotation=11,waterlogged=true'
[14:24:44] [Worker-Main-8/WARN] (Minecraft) Exception loading blockstate definition: 'efac:blockstates/prima_wall_hanging_sign.json' missing model for variant: 'efac:prima_wall_hanging_sign#attached=true,rotation=4,waterlogged=false'
[14:24:44] [Worker-Main-8/WARN] (Minecraft) Exception loading blockstate definition: 'efac:blockstates/prima_wall_hanging_sign.json' missing model for variant: 'efac:prima_wall_hanging_sign#attached=false,rotation=4,waterlogged=true'
[14:24:44] [Worker-Main-8/WARN] (Minecraft) Exception loading blockstate definition: 'efac:blockstates/prima_wall_hanging_sign.json' missing model for variant: 'efac:prima_wall_hanging_sign#attached=true,rotation=5,waterlogged=false'
[14:24:44] [Worker-Main-8/WARN] (Minecraft) Exception loading blockstate definition: 'efac:blockstates/prima_wall_hanging_sign.json' missing model for variant: 'efac:prima_wall_hanging_sign#attached=false,rotation=2,waterlogged=true'
[14:24:44] [Worker-Main-8/WARN] (Minecraft) Exception loading blockstate definition: 'efac:blockstates/prima_wall_hanging_sign.json' missing model for variant: 'efac:prima_wall_hanging_sign#attached=true,rotation=1,waterlogged=true'
[14:24:44] [Worker-Main-8/WARN] (Minecraft) Exception loading blockstate definition: 'efac:blockstates/prima_wall_hanging_sign.json' missing model for variant: 'efac:prima_wall_hanging_sign#attached=true,rotation=6,waterlogged=true'
[14:24:44] [Worker-Main-8/WARN] (Minecraft) Exception loading blockstate definition: 'efac:blockstates/prima_wall_hanging_sign.json' missing model for variant: 'efac:prima_wall_hanging_sign#attached=false,rotation=7,waterlogged=true'
[14:24:44] [Worker-Main-8/WARN] (Minecraft) Exception loading blockstate definition: 'efac:blockstates/prima_wall_hanging_sign.json' missing model for variant: 'efac:prima_wall_hanging_sign#attached=false,rotation=14,waterlogged=false'
[14:24:44] [Worker-Main-8/WARN] (Minecraft) Exception loading blockstate definition: 'efac:blockstates/prima_wall_hanging_sign.json' missing model for variant: 'efac:prima_wall_hanging_sign#attached=true,rotation=11,waterlogged=false'
[14:24:44] [Worker-Main-8/WARN] (Minecraft) Exception loading blockstate definition: 'efac:blockstates/prima_wall_hanging_sign.json' missing model for variant: 'efac:prima_wall_hanging_sign#attached=false,rotation=14,waterlogged=true'
[14:24:45] [Worker-Main-8/WARN] (Minecraft) Missing textures in model efac:prima_trapdoor#facing=east,half=bottom,open=true,powered=false,waterlogged=false:
    minecraft:textures/atlas/blocks.png:efac:block/prima_trapdoor
[14:24:45] [Worker-Main-8/WARN] (Minecraft) Missing textures in model efac:prima_door#facing=west,half=lower,hinge=left,open=true,powered=true:
    minecraft:textures/atlas/blocks.png:efac:block/prima_door_bottom
[14:24:45] [Worker-Main-8/WARN] (Minecraft) Missing textures in model efac:prima_door#facing=east,half=lower,hinge=left,open=true,powered=true:
    minecraft:textures/atlas/blocks.png:efac:block/prima_door_bottom
[14:24:45] [Worker-Main-8/WARN] (Minecraft) Missing textures in model efac:prima_door#facing=west,half=lower,hinge=right,open=true,powered=false:
    minecraft:textures/atlas/blocks.png:efac:block/prima_door_bottom
[14:24:45] [Worker-Main-8/WARN] (Minecraft) Missing textures in model efac:prima_trapdoor#facing=north,half=top,open=true,powered=true,waterlogged=true:
    minecraft:textures/atlas/blocks.png:efac:block/prima_trapdoor
[14:24:45] [Worker-Main-8/WARN] (Minecraft) Missing textures in model efac:prima_trapdoor#facing=west,half=bottom,open=true,powered=false,waterlogged=false:
    minecraft:textures/atlas/blocks.png:efac:block/prima_trapdoor
[14:24:45] [Worker-Main-8/WARN] (Minecraft) Missing textures in model efac:prima_door#facing=south,half=lower,hinge=right,open=true,powered=false:
    minecraft:textures/atlas/blocks.png:efac:block/prima_door_bottom
[14:24:45] [Worker-Main-8/WARN] (Minecraft) Missing textures in model efac:prima_door#facing=east,half=upper,hinge=left,open=false,powered=true:
    minecraft:textures/atlas/blocks.png:efac:block/prima_door_top
[14:24:45] [Worker-Main-8/WARN] (Minecraft) Missing textures in model efac:prima_trapdoor#facing=south,half=top,open=true,powered=true,waterlogged=false:
    minecraft:textures/atlas/blocks.png:efac:block/prima_trapdoor
[14:24:45] [Worker-Main-8/WARN] (Minecraft) Missing textures in model efac:prima_door#facing=south,half=upper,hinge=left,open=true,powered=true:
    minecraft:textures/atlas/blocks.png:efac:block/prima_door_top
[14:24:45] [Worker-Main-8/WARN] (Minecraft) Missing textures in model efac:prima_hanging_sign#inventory:
    minecraft:textures/atlas/blocks.png:efac:item/prima_hanging_sign
[14:24:45] [Worker-Main-8/WARN] (Minecraft) Missing textures in model efac:prima_trapdoor#facing=south,half=bottom,open=false,powered=true,waterlogged=true:
    minecraft:textures/atlas/blocks.png:efac:block/prima_trapdoor
[14:24:45] [Worker-Main-8/WARN] (Minecraft) Missing textures in model efac:prima_door#facing=north,half=upper,hinge=left,open=true,powered=true:
    minecraft:textures/atlas/blocks.png:efac:block/prima_door_top
[14:24:45] [Worker-Main-8/WARN] (Minecraft) Missing textures in model efac:prima_door#facing=north,half=lower,hinge=right,open=false,powered=true:
    minecraft:textures/atlas/blocks.png:efac:block/prima_door_bottom
[14:24:45] [Worker-Main-8/WARN] (Minecraft) Missing textures in model efac:prima_door#inventory:
    minecraft:textures/atlas/blocks.png:efac:item/prima_door
[14:24:45] [Worker-Main-8/WARN] (Minecraft) Missing textures in model efac:prima_door#facing=east,half=upper,hinge=right,open=false,powered=true:
    minecraft:textures/atlas/blocks.png:efac:block/prima_door_top
[14:24:45] [Worker-Main-8/WARN] (Minecraft) Missing textures in model efac:prima_door#facing=west,half=upper,hinge=right,open=false,powered=false:
    minecraft:textures/atlas/blocks.png:efac:block/prima_door_top
[14:24:45] [Worker-Main-8/WARN] (Minecraft) Missing textures in model efac:prima_door#facing=west,half=upper,hinge=left,open=true,powered=true:
    minecraft:textures/atlas/blocks.png:efac:block/prima_door_top
[14:24:45] [Worker-Main-8/WARN] (Minecraft) Missing textures in model efac:prima_door#facing=north,half=lower,hinge=left,open=false,powered=false:
    minecraft:textures/atlas/blocks.png:efac:block/prima_door_bottom
[14:24:45] [Worker-Main-8/WARN] (Minecraft) Missing textures in model efac:prima_door#facing=north,half=upper,hinge=right,open=false,powered=true:
    minecraft:textures/atlas/blocks.png:efac:block/prima_door_top
[14:24:45] [Worker-Main-8/WARN] (Minecraft) Missing textures in model efac:prima_door#facing=south,half=upper,hinge=right,open=false,powered=true:
    minecraft:textures/atlas/blocks.png:efac:block/prima_door_top
[14:24:45] [Worker-Main-8/WARN] (Minecraft) Missing textures in model efac:prima_door#facing=west,half=upper,hinge=left,open=false,powered=true:
    minecraft:textures/atlas/blocks.png:efac:block/prima_door_top
[14:24:45] [Worker-Main-8/WARN] (Minecraft) Missing textures in model efac:prima_door#facing=east,half=upper,hinge=left,open=true,powered=true:
    minecraft:textures/atlas/blocks.png:efac:block/prima_door_top
[14:24:45] [Worker-Main-8/WARN] (Minecraft) Missing textures in model efac:prima_door#facing=east,half=lower,hinge=right,open=true,powered=true:
    minecraft:textures/atlas/blocks.png:efac:block/prima_door_bottom
[14:24:45] [Worker-Main-8/WARN] (Minecraft) Missing textures in model efac:prima_door#facing=north,half=upper,hinge=right,open=true,powered=true:
    minecraft:textures/atlas/blocks.png:efac:block/prima_door_top
[14:24:45] [Worker-Main-8/WARN] (Minecraft) Missing textures in model efac:prima_door#facing=south,half=upper,hinge=left,open=false,powered=false:
    minecraft:textures/atlas/blocks.png:efac:block/prima_door_top
[14:24:45] [Worker-Main-8/WARN] (Minecraft) Missing textures in model efac:prima_door#facing=east,half=lower,hinge=right,open=false,powered=false:
    minecraft:textures/atlas/blocks.png:efac:block/prima_door_bottom
[14:24:45] [Worker-Main-8/WARN] (Minecraft) Missing textures in model efac:prima_trapdoor#facing=south,half=top,open=false,powered=true,waterlogged=true:
    minecraft:textures/atlas/blocks.png:efac:block/prima_trapdoor
[14:24:45] [Worker-Main-8/WARN] (Minecraft) Missing textures in model efac:prima_door#facing=south,half=lower,hinge=left,open=false,powered=false:
    minecraft:textures/atlas/blocks.png:efac:block/prima_door_bottom
[14:24:45] [Worker-Main-8/WARN] (Minecraft) Missing textures in model efac:prima_door#facing=west,half=lower,hinge=left,open=false,powered=true:
    minecraft:textures/atlas/blocks.png:efac:block/prima_door_bottom
[14:24:45] [Worker-Main-8/WARN] (Minecraft) Missing textures in model efac:prima_door#facing=east,half=lower,hinge=left,open=false,powered=true:
    minecraft:textures/atlas/blocks.png:efac:block/prima_door_bottom
[14:24:45] [Worker-Main-8/WARN] (Minecraft) Missing textures in model efac:prima_door#facing=west,half=lower,hinge=right,open=false,powered=false:
    minecraft:textures/atlas/blocks.png:efac:block/prima_door_bottom
[14:24:45] [Worker-Main-8/WARN] (Minecraft) Missing textures in model efac:prima_door#facing=south,half=upper,hinge=right,open=true,powered=false:
    minecraft:textures/atlas/blocks.png:efac:block/prima_door_top
[14:24:45] [Worker-Main-8/WARN] (Minecraft) Missing textures in model efac:prima_door#facing=west,half=upper,hinge=right,open=true,powered=true:
    minecraft:textures/atlas/blocks.png:efac:block/prima_door_top
[14:24:45] [Worker-Main-8/WARN] (Minecraft) Missing textures in model efac:prima_door#facing=south,half=lower,hinge=right,open=false,powered=true:
    minecraft:textures/atlas/blocks.png:efac:block/prima_door_bottom
[14:24:45] [Worker-Main-8/WARN] (Minecraft) Missing textures in model efac:prima_door#facing=north,half=upper,hinge=left,open=false,powered=false:
    minecraft:textures/atlas/blocks.png:efac:block/prima_door_top
[14:24:45] [Worker-Main-8/WARN] (Minecraft) Missing textures in model efac:prima_door#facing=east,half=upper,hinge=right,open=true,powered=true:
    minecraft:textures/atlas/blocks.png:efac:block/prima_door_top
[14:24:45] [Worker-Main-8/WARN] (Minecraft) Missing textures in model efac:prima_sign#inventory:
    minecraft:textures/atlas/blocks.png:efac:item/prima_sign
[14:24:45] [Worker-Main-8/WARN] (Minecraft) Missing textures in model efac:prima_trapdoor#inventory:
    minecraft:textures/atlas/blocks.png:efac:block/prima_trapdoor
[14:24:45] [Worker-Main-8/WARN] (Minecraft) Missing textures in model efac:prima_door#facing=north,half=lower,hinge=right,open=true,powered=false:
    minecraft:textures/atlas/blocks.png:efac:block/prima_door_bottom
[14:24:45] [Worker-Main-8/WARN] (Minecraft) Missing textures in model efac:prima_door#facing=south,half=lower,hinge=left,open=true,powered=false:
    minecraft:textures/atlas/blocks.png:efac:block/prima_door_bottom
[14:24:45] [Worker-Main-8/WARN] (Minecraft) Missing textures in model efac:prima_door#facing=north,half=lower,hinge=left,open=true,powered=true:
    minecraft:textures/atlas/blocks.png:efac:block/prima_door_bottom
[14:24:45] [Render thread/WARN] (Minecraft) Missing sound for event: minecraft:item.goat_horn.play
[14:24:45] [Render thread/WARN] (Minecraft) Missing sound for event: minecraft:entity.goat.screaming.horn_break
[14:24:45] [Render thread/INFO] (Minecraft) OpenAL initialized on device External Headphones
[14:24:45] [Render thread/INFO] (Minecraft) Sound engine started
[14:24:45] [Render thread/INFO] (Minecraft) Created: 2048x2048x4 minecraft:textures/atlas/blocks.png-atlas
[14:24:45] [Render thread/INFO] (Minecraft) Created: 256x256x4 minecraft:textures/atlas/signs.png-atlas
[14:24:45] [Render thread/INFO] (Minecraft) Created: 512x512x4 minecraft:textures/atlas/shield_patterns.png-atlas
[14:24:45] [Render thread/INFO] (Minecraft) Created: 512x512x4 minecraft:textures/atlas/banner_patterns.png-atlas
[14:24:45] [Render thread/INFO] (Minecraft) Created: 1024x1024x4 minecraft:textures/atlas/armor_trims.png-atlas
[14:24:45] [Render thread/INFO] (Minecraft) Created: 128x64x4 minecraft:textures/atlas/decorated_pot.png-atlas
[14:24:45] [Render thread/INFO] (Minecraft) Created: 1024x512x4 minecraft:textures/atlas/chest.png-atlas
[14:24:45] [Render thread/INFO] (Minecraft) Created: 2048x1024x4 minecraft:textures/atlas/beds.png-atlas
[14:24:45] [Render thread/INFO] (Minecraft) Created: 512x256x4 minecraft:textures/atlas/shulker_boxes.png-atlas
[14:24:45] [Render thread/WARN] (Minecraft) Shader rendertype_entity_translucent_emissive could not find sampler named Sampler2 in the specified shader program.
[14:24:45] [Render thread/INFO] (Minecraft) Created: 1024x512x0 minecraft:textures/atlas/particles.png-atlas
[14:24:45] [Render thread/INFO] (Minecraft) Created: 256x256x0 minecraft:textures/atlas/paintings.png-atlas
[14:24:45] [Render thread/INFO] (Minecraft) Created: 128x128x0 minecraft:textures/atlas/mob_effects.png-atlas
[14:24:45] [Render thread/INFO] (Minecraft) Created: 1024x512x0 minecraft:textures/atlas/gui.png-atlas
[14:24:46] [IO-Worker-1/INFO] (Minecraft) Could not authorize you against Realms server: Invalid session id
[14:24:46] [IO-Worker-1/ERROR] (Minecraft) Couldn't connect to realms
net.minecraft.client.realms.exception.RealmsServiceException: Realms authentication error with message 'Invalid session id'
	at net.minecraft.client.realms.RealmsClient.execute(RealmsClient.java:432) ~[minecraft-merged-4eb9d75495-1.20.2-net.fabricmc.yarn.1_20_2.1.20.2+build.4-v2.jar:?]
	at net.minecraft.client.realms.RealmsClient.clientCompatible(RealmsClient.java:218) ~[minecraft-merged-4eb9d75495-1.20.2-net.fabricmc.yarn.1_20_2.1.20.2+build.4-v2.jar:?]
	at net.minecraft.client.realms.RealmsAvailability.method_52627(RealmsAvailability.java:45) ~[minecraft-merged-4eb9d75495-1.20.2-net.fabricmc.yarn.1_20_2.1.20.2+build.4-v2.jar:?]
	at java.util.concurrent.CompletableFuture$AsyncSupply.run(CompletableFuture.java:1768) ~[?:?]
	at java.util.concurrent.ThreadPoolExecutor.runWorker(ThreadPoolExecutor.java:1144) ~[?:?]
	at java.util.concurrent.ThreadPoolExecutor$Worker.run(ThreadPoolExecutor.java:642) ~[?:?]
	at java.lang.Thread.run(Thread.java:1583) ~[?:?]
[14:24:50] [Render thread/INFO] (Minecraft) Loaded 7 recipes
[14:24:50] [Render thread/INFO] (Minecraft) Loaded 1313 advancements
[14:24:51] [Render thread/INFO] (Minecraft) Loaded 7 recipes
[14:24:51] [Render thread/INFO] (Minecraft) Loaded 1313 advancements
[14:24:52] [Render thread/INFO] (BiomeModificationImpl) Applied 318 biome modifications to 53 of 64 new biomes in 6.687 ms
[14:24:52] [Server thread/INFO] (Minecraft) Starting integrated minecraft server version 1.20.2
[14:24:52] [Server thread/INFO] (Minecraft) Generating keypair
[14:24:53] [Server thread/INFO] (Minecraft) Preparing start region for dimension minecraft:overworld
[14:24:55] [Render thread/INFO] (Minecraft) Preparing spawn area: 0%
[14:24:55] [Render thread/INFO] (Minecraft) Preparing spawn area: 0%
[14:24:55] [Render thread/INFO] (Minecraft) Preparing spawn area: 0%
[14:24:55] [Render thread/INFO] (Minecraft) Preparing spawn area: 0%
[14:24:55] [Render thread/INFO] (Minecraft) Preparing spawn area: 0%
[14:24:56] [Render thread/INFO] (Minecraft) Preparing spawn area: 0%
[14:24:56] [Render thread/INFO] (Minecraft) Preparing spawn area: 32%
[14:24:57] [Render thread/INFO] (Minecraft) Time elapsed: 3200 ms
[14:24:57] [Server thread/INFO] (Minecraft) Changing view distance to 4, from 10
[14:24:57] [Server thread/INFO] (Minecraft) Changing simulation distance to 6, from 0
[14:24:57] [Server thread/INFO] (Minecraft) Player342[local:E:b0b3e131] logged in with entity id 18 at (663.4121048737962, 31.0, 62.38127975706701)
[14:24:57] [Server thread/INFO] (Minecraft) Player342 joined the game
[14:24:58] [Render thread/INFO] (Minecraft) Loaded 42 advancements
[14:24:58] [Render thread/INFO] (Minecraft) Loaded 42 advancements
[14:24:59] [Render thread/INFO] (Minecraft) Loaded 42 advancements
[14:25:05] [Server thread/INFO] (Minecraft) [Player342: Set own game mode to Survival Mode]
[14:25:05] [Render thread/INFO] (Minecraft) [System] [CHAT] Set own game mode to Survival Mode
[14:25:20] [Server thread/INFO] (Minecraft) [Player342: Gave 64 [Clumbkie] to Player342]
[14:25:20] [Render thread/INFO] (Minecraft) [System] [CHAT] Gave 64 [Clumbkie] to Player342
[14:25:24] [Render thread/INFO] (Minecraft) Loaded 59 advancements
[14:26:33] [Server thread/INFO] (Minecraft) [Player342: Set own game mode to Creative Mode]
[14:26:33] [Render thread/INFO] (Minecraft) [System] [CHAT] Set own game mode to Creative Mode
[14:27:07] [Server thread/INFO] (Minecraft) [Player342: Set own game mode to Survival Mode]
[14:27:07] [Render thread/INFO] (Minecraft) [System] [CHAT] Set own game mode to Survival Mode
[14:28:04] [Server thread/INFO] (Minecraft) [Player342: Set own game mode to Creative Mode]
[14:28:04] [Render thread/INFO] (Minecraft) [System] [CHAT] Set own game mode to Creative Mode
[14:28:20] [Render thread/INFO] (Minecraft) Loaded 59 advancements
[14:28:47] [Server thread/INFO] (Minecraft) Saving and pausing game...
[14:28:47] [Server thread/INFO] (Minecraft) Saving chunks for level 'ServerLevel[Test World]'/minecraft:overworld
[14:28:47] [Server thread/INFO] (Minecraft) Saving chunks for level 'ServerLevel[Test World]'/minecraft:the_end
[14:28:47] [Server thread/INFO] (Minecraft) Saving chunks for level 'ServerLevel[Test World]'/efac:tunneldim
[14:28:47] [Server thread/INFO] (Minecraft) Saving chunks for level 'ServerLevel[Test World]'/minecraft:the_nether
[14:28:47] [Server thread/INFO] (Minecraft) Saving chunks for level 'ServerLevel[Test World]'/efac:scarydim
[14:28:48] [Server thread/INFO] (Minecraft) Player342 lost connection: Disconnected
[14:28:48] [Server thread/INFO] (Minecraft) Player342 left the game
[14:28:48] [Server thread/INFO] (Minecraft) Stopping singleplayer server as player logged out
[14:28:48] [Server thread/INFO] (Minecraft) Stopping server
[14:28:48] [Server thread/INFO] (Minecraft) Saving players
[14:28:48] [Server thread/INFO] (Minecraft) Saving worlds
[14:28:48] [Server thread/INFO] (Minecraft) Saving chunks for level 'ServerLevel[Test World]'/minecraft:overworld
[14:28:48] [Server thread/INFO] (Minecraft) Saving chunks for level 'ServerLevel[Test World]'/minecraft:the_end
[14:28:48] [Server thread/INFO] (Minecraft) Saving chunks for level 'ServerLevel[Test World]'/efac:tunneldim
[14:28:48] [Server thread/INFO] (Minecraft) Saving chunks for level 'ServerLevel[Test World]'/minecraft:the_nether
[14:28:48] [Server thread/INFO] (Minecraft) Saving chunks for level 'ServerLevel[Test World]'/efac:scarydim
[14:28:48] [Server thread/INFO] (Minecraft) ThreadedAnvilChunkStorage (Test World): All chunks are saved
[14:28:48] [Server thread/INFO] (Minecraft) ThreadedAnvilChunkStorage (DIM1): All chunks are saved
[14:28:48] [Server thread/INFO] (Minecraft) ThreadedAnvilChunkStorage (tunneldim): All chunks are saved
[14:28:48] [Server thread/INFO] (Minecraft) ThreadedAnvilChunkStorage (DIM-1): All chunks are saved
[14:28:48] [Server thread/INFO] (Minecraft) ThreadedAnvilChunkStorage (scarydim): All chunks are saved
[14:28:48] [Server thread/INFO] (Minecraft) ThreadedAnvilChunkStorage: All dimensions are saved
[14:28:54] [Render thread/INFO] (Minecraft) Loaded 7 recipes
[14:28:54] [Render thread/INFO] (Minecraft) Loaded 1313 advancements
[14:28:56] [Render thread/INFO] (Minecraft) Loaded 7 recipes
[14:28:56] [Render thread/INFO] (Minecraft) Loaded 1313 advancements
[14:28:56] [Render thread/INFO] (BiomeModificationImpl) Applied 318 biome modifications to 53 of 64 new biomes in 4.280 ms
[14:28:56] [Server thread/INFO] (Minecraft) Starting integrated minecraft server version 1.20.2
[14:28:56] [Server thread/INFO] (Minecraft) Generating keypair
[14:28:57] [Server thread/INFO] (Minecraft) Preparing start region for dimension minecraft:overworld
[14:28:57] [Render thread/INFO] (Minecraft) Preparing spawn area: 0%
[14:28:57] [Render thread/INFO] (Minecraft) Preparing spawn area: 0%
[14:28:58] [Render thread/INFO] (Minecraft) Preparing spawn area: 0%
[14:28:58] [Render thread/INFO] (Minecraft) Preparing spawn area: 68%
[14:28:58] [Server thread/INFO] (Minecraft) Changing view distance to 4, from 10
[14:28:58] [Server thread/INFO] (Minecraft) Changing simulation distance to 6, from 0
[14:28:58] [Render thread/INFO] (Minecraft) Time elapsed: 1585 ms
[14:28:59] [Server thread/INFO] (Minecraft) Player342[local:E:685505f5] logged in with entity id 1741 at (-14.70209681832577, 76.37122029026374, -22.552599699947432)
[14:28:59] [Server thread/INFO] (Minecraft) Player342 joined the game
[14:28:59] [Render thread/INFO] (Minecraft) Loaded 6 advancements
[14:29:00] [Server thread/INFO] (Minecraft) Saving and pausing game...
[14:29:00] [Server thread/INFO] (Minecraft) Saving chunks for level 'ServerLevel[portal test 2]'/minecraft:overworld
[14:29:00] [Server thread/INFO] (Minecraft) Saving chunks for level 'ServerLevel[portal test 2]'/minecraft:the_end
[14:29:00] [Server thread/INFO] (Minecraft) Saving chunks for level 'ServerLevel[portal test 2]'/efac:tunneldim
[14:29:00] [Server thread/INFO] (Minecraft) Saving chunks for level 'ServerLevel[portal test 2]'/minecraft:the_nether
[14:29:00] [Server thread/INFO] (Minecraft) Saving chunks for level 'ServerLevel[portal test 2]'/efac:scarydim
[14:29:01] [Server thread/INFO] (Minecraft) Player342 lost connection: Disconnected
[14:29:01] [Server thread/INFO] (Minecraft) Player342 left the game
[14:29:01] [Server thread/INFO] (Minecraft) Stopping singleplayer server as player logged out
[14:29:01] [Server thread/INFO] (Minecraft) Stopping server
[14:29:01] [Server thread/INFO] (Minecraft) Saving players
[14:29:01] [Server thread/INFO] (Minecraft) Saving worlds
[14:29:01] [Server thread/INFO] (Minecraft) Saving chunks for level 'ServerLevel[portal test 2]'/minecraft:overworld
[14:29:01] [Server thread/INFO] (Minecraft) Saving chunks for level 'ServerLevel[portal test 2]'/minecraft:the_end
[14:29:01] [Server thread/INFO] (Minecraft) Saving chunks for level 'ServerLevel[portal test 2]'/efac:tunneldim
[14:29:01] [Server thread/INFO] (Minecraft) Saving chunks for level 'ServerLevel[portal test 2]'/minecraft:the_nether
[14:29:01] [Server thread/INFO] (Minecraft) Saving chunks for level 'ServerLevel[portal test 2]'/efac:scarydim
[14:29:01] [Server thread/INFO] (Minecraft) ThreadedAnvilChunkStorage (portal test 2): All chunks are saved
[14:29:01] [Server thread/INFO] (Minecraft) ThreadedAnvilChunkStorage (DIM1): All chunks are saved
[14:29:01] [Server thread/INFO] (Minecraft) ThreadedAnvilChunkStorage (tunneldim): All chunks are saved
[14:29:01] [Server thread/INFO] (Minecraft) ThreadedAnvilChunkStorage (DIM-1): All chunks are saved
[14:29:01] [Server thread/INFO] (Minecraft) ThreadedAnvilChunkStorage (scarydim): All chunks are saved
[14:29:01] [Server thread/INFO] (Minecraft) ThreadedAnvilChunkStorage: All dimensions are saved
[14:29:05] [Render thread/INFO] (Minecraft) Loaded 7 recipes
[14:29:06] [Render thread/INFO] (Minecraft) Loaded 1313 advancements
[14:29:07] [Render thread/INFO] (Minecraft) Loaded 7 recipes
[14:29:07] [Render thread/INFO] (Minecraft) Loaded 1313 advancements
[14:29:07] [Render thread/INFO] (BiomeModificationImpl) Applied 318 biome modifications to 53 of 64 new biomes in 1.965 ms
[14:29:07] [Server thread/INFO] (Minecraft) Starting integrated minecraft server version 1.20.2
[14:29:07] [Server thread/INFO] (Minecraft) Generating keypair
[14:29:08] [Server thread/INFO] (Minecraft) Preparing start region for dimension minecraft:overworld
[14:29:08] [Render thread/INFO] (Minecraft) Preparing spawn area: 0%
[14:29:09] [Render thread/INFO] (Minecraft) Preparing spawn area: 0%
[14:29:09] [Server thread/INFO] (Minecraft) Changing view distance to 4, from 10
[14:29:09] [Server thread/INFO] (Minecraft) Changing simulation distance to 6, from 0
[14:29:09] [Render thread/INFO] (Minecraft) Time elapsed: 887 ms
[14:29:09] [Server thread/INFO] (Minecraft) Player342[local:E:7f512093] logged in with entity id 2150 at (7.659688995936383, 50.0, -47.538053866233895)
[14:29:09] [Server thread/INFO] (Minecraft) Player342 joined the game
[14:29:09] [Render thread/INFO] (Minecraft) Loaded 2 advancements
[14:29:29] [Server thread/INFO] (Minecraft) Saving and pausing game...
[14:29:29] [Server thread/INFO] (Minecraft) Saving chunks for level 'ServerLevel[New idc]'/minecraft:overworld
[14:29:29] [Server thread/INFO] (Minecraft) Saving chunks for level 'ServerLevel[New idc]'/minecraft:the_end
[14:29:29] [Server thread/INFO] (Minecraft) Saving chunks for level 'ServerLevel[New idc]'/efac:tunneldim
[14:29:29] [Server thread/INFO] (Minecraft) Saving chunks for level 'ServerLevel[New idc]'/minecraft:the_nether
[14:29:29] [Server thread/INFO] (Minecraft) Saving chunks for level 'ServerLevel[New idc]'/efac:scarydim
[14:29:29] [Server thread/INFO] (Minecraft) Player342 lost connection: Disconnected
[14:29:29] [Server thread/INFO] (Minecraft) Player342 left the game
[14:29:29] [Server thread/INFO] (Minecraft) Stopping singleplayer server as player logged out
[14:29:29] [Server thread/INFO] (Minecraft) Stopping server
[14:29:29] [Server thread/INFO] (Minecraft) Saving players
[14:29:29] [Server thread/INFO] (Minecraft) Saving worlds
[14:29:30] [Server thread/INFO] (Minecraft) Saving chunks for level 'ServerLevel[New idc]'/minecraft:overworld
[14:29:30] [Server thread/INFO] (Minecraft) Saving chunks for level 'ServerLevel[New idc]'/minecraft:the_end
[14:29:30] [Server thread/INFO] (Minecraft) Saving chunks for level 'ServerLevel[New idc]'/efac:tunneldim
[14:29:30] [Server thread/INFO] (Minecraft) Saving chunks for level 'ServerLevel[New idc]'/minecraft:the_nether
[14:29:30] [Server thread/INFO] (Minecraft) Saving chunks for level 'ServerLevel[New idc]'/efac:scarydim
[14:29:30] [Server thread/INFO] (Minecraft) ThreadedAnvilChunkStorage (New idc): All chunks are saved
[14:29:30] [Server thread/INFO] (Minecraft) ThreadedAnvilChunkStorage (DIM1): All chunks are saved
[14:29:30] [Server thread/INFO] (Minecraft) ThreadedAnvilChunkStorage (tunneldim): All chunks are saved
[14:29:30] [Server thread/INFO] (Minecraft) ThreadedAnvilChunkStorage (DIM-1): All chunks are saved
[14:29:30] [Server thread/INFO] (Minecraft) ThreadedAnvilChunkStorage (scarydim): All chunks are saved
[14:29:30] [Server thread/INFO] (Minecraft) ThreadedAnvilChunkStorage: All dimensions are saved
[14:29:53] [Render thread/INFO] (Minecraft) Stopping!
